3631
3913
3996
4276
4486
4605
4706
5095
5174
5326
5439
5899
8571
8737
8417
8464
8236
8325
7942
7987
7762
7835
7564
7649
7384
7450
7157
7232
6437
7069
5928
6263
8571
8737
8417
8464
8236
8325
7942
7987
7762
7835
7564
7649
7157
7450
6790
7069
13335
13714
11649
13173
2903
3268
3354
3616
4357
4455
5457
5560
7136
7944
8028
8150
8232
8320
8408
8608
9210
9617
10104
10187
10274
10430
10504
10817
2984
3255
3354
3616
4357
4455
5457
5560
7136
7944
8028
8150
8232
8320
8408
8608
9210
9311
10104
10187
10232
10244
10504
10562
#####################################
##example.gff

开始绘制基因结构图：

Processing gene: AT1G01010.1 ..........
		 locus length: 2269
Processing gene: AT1G01020.1 ..........
		 locus length: 2810
Processing gene: AT1G01020.2 ..........
		 locus length: 1948
Processing gene: AT1G01030.1 ..........
		 locus length: 2066
Processing gene: LOC_Os01g01010.1 ..........
		 locus length: 7915
Processing gene: LOC_Os01g01010.2 ..........
		 locus length: 7579

-------------------------
The outfile:
tmp.svg

-------------------------
Success!!!
Congratulations to you!!!
-------------------------
